<?xml version="1.0" encoding="UTF-8"?>
<testsuite name="comp5911m.cwk1.ArrayCheckerTest" tests="1" skipped="0" failures="0" errors="0" timestamp="2022-10-20T17:09:14" hostname="MacBook-Pro.local" time="0.019">
  <properties/>
  <testcase name="testCheck()" classname="comp5911m.cwk1.ArrayCheckerTest" time="0.019"/>
  <system-out><![CDATA[]]></system-out>
  <system-err><![CDATA[]]></system-err>
</testsuite>
